2025-05-15 16:15:52,261 - root - INFO - Logging configured successfully
2025-05-15 16:15:52,263 - __main__ - INFO - Fetching data for bitcoin on 2025-01-01
2025-05-15 16:15:53,000 - __main__ - INFO - Data saved successfully to /app/data/bitcoin/bitcoin_2025-01-01.json
2025-05-15 16:15:53,120 - crypto_app.db - INFO - Connected to database: db:5432/crypto
2025-05-15 16:15:53,199 - crypto_app.db - ERROR - Error initializing database: 'Connection' object has no attribute 'commit'
2025-05-15 16:15:53,206 - crypto_app.db - ERROR - Error saving data to database: (psycopg2.errors.SyntaxError) syntax error at or near ":"
LINE 4: ...'bitcoin', 93507.85874741491, '2025-01-01'::date, :response_...
                                                             ^

[SQL: 
                    INSERT INTO coin_history 
                    (coin_id, price_usd, fetch_date, response_data, created_at)
                    VALUES (%(coin_id)s, %(price_usd)s, %(fetch_date)s, :response_data::jsonb, %(created_at)s)
                    ON CONFLICT (coin_id, fetch_date)
                    DO UPDATE SET
                        price_usd = EXCLUDED.price_usd,
                        response_data = EXCLUDED.response_data,
                        created_at = EXCLUDED.created_at
                ]
[parameters: {'coin_id': 'bitcoin', 'price_usd': 93507.85874741491, 'fetch_date': datetime.date(2025, 1, 1), 'created_at': datetime.date(2025, 5, 15)}]
(Background on this error at: https://sqlalche.me/e/14/f405)
2025-05-15 16:15:53,207 - __main__ - ERROR - Failed to save data to PostgreSQL database
